2022-11-18T03:44:46,543+00:00 INFO i.g.a.s.u.ConsoleUtils Loaded stub metadata: [GET] /api/v1/accounts/1
2022-11-18T03:44:46,628+00:00 INFO i.g.a.s.u.ConsoleUtils Loaded stub metadata: [GET] /anything
2022-11-18T03:44:47,223+00:00 DEBUG i.g.a.s.f.MainYamlScanner Main YAML scan enabled, watching /home/stubby4j/data/gateway-tests-stubs.yaml.
2022-11-18T03:44:47,225+00:00 DEBUG i.g.a.s.f.ExternalFilesScanner External file scan enabled, watching external files referenced from /home/stubby4j/data/gateway-tests-stubs.yaml.
2022-11-18T03:44:47,227+00:00 DEBUG i.g.a.s.f.MainIncludedYamlScanner Main YAML with included YAMLs scan enabled, watching included YAMLs referenced from /home/stubby4j/data/gateway-tests-stubs.yaml.
2022-11-18T03:44:47,246+00:00 DEBUG i.g.a.s.Main stubby4j successfully started after 1697 milliseconds.
2022-11-18T03:44:47,246+00:00 DEBUG i.g.a.s.Main Admin portal:
--------------------------------------------------------------------------------------------------------
 > http://0.0.0.0:8891		Admin portal
 > http://0.0.0.0:8891/status		Admin portal status


Available insecure endpoints:
--------------------------------------------------------------------------------------------------------
 > http://0.0.0.0:8884		HTTP/1.1 stubs portal
 > http://0.0.0.0:8884		HTTP/2 over TCP (h2c) stubs portal
 > ws://0.0.0.0:8884/ws		HTTP/1.1 WebSockets stubs portal


TLS layer configuration:
--------------------------------------------------------------------------------------------------------
 > Supported TLS protocol versions: [TLSv1, TLSv1.3, TLSv1.2, TLSv1.1] with ALPN extension on HTTP/2
 > TLS layer configured using internal self-signed certificate


Available secure endpoints:
--------------------------------------------------------------------------------------------------------
 > https://0.0.0.0:7445		HTTP/2 over TLS (h2) stubs portal

2022-11-18T03:44:47,247+00:00 INFO i.g.a.s.Main Quit: ctrl-c
2022-11-18T03:44:59,999+00:00 INFO i.g.a.s.u.ConsoleUtils [2022-11-18 03:44:59] => HTTP GET on [/status]
2022-11-18T03:45:00,105+00:00 INFO i.g.a.s.u.ConsoleUtils [2022-11-18 03:45:00] <= 200 OK

2022-11-18T03:45:03,333+00:00 INFO i.g.a.s.u.ConsoleUtils [2022-11-18 03:45:03] => HTTP GET on [/ajax/stats/check]
2022-11-18T03:45:06,363+00:00 INFO i.g.a.s.u.ConsoleUtils [2022-11-18 03:45:06] => HTTP GET on [/ajax/stats/check]
2022-11-18T03:45:09,380+00:00 INFO i.g.a.s.u.ConsoleUtils [2022-11-18 03:45:09] => HTTP GET on [/ajax/stats/check]
2022-11-18T03:45:12,397+00:00 INFO i.g.a.s.u.ConsoleUtils [2022-11-18 03:45:12] => HTTP GET on [/ajax/stats/check]
2022-11-18T03:45:13,386+00:00 INFO i.g.a.s.u.ConsoleUtils [2022-11-18 03:45:13] => HTTP GET on [/api/v1/accounts/1]
2022-11-18T03:45:13,399+00:00 DEBUG i.g.a.s.u.ConsoleUtils  ***** [DEBUG INCOMING RAW HTTP REQUEST DUMP] ***** 
2022-11-18T03:45:13,400+00:00 DEBUG i.g.a.s.u.ConsoleUtils    PROTOCOL: HTTP/1.1
   METHOD: GET
   CONTEXT PATH: 
   SERVLET PATH: 
   AUTH TYPE: null
   REMOTE USER: null
   REQUEST URI: /api/v1/accounts/1
   REQUEST URL: http://0.0.0.0:8884/api/v1/accounts/1
   QUERY STRING: null
   PATH INFO: /api/v1/accounts/1
   PATH TRANSLATED: null
   HEADERS: {
   'Accept': text/html,application/xhtml+xml,application/xml;q=0.9,image/avif,image/webp,image/apng,*/*;q=0.8,application/signed-exchange;v=b3;q=0.9,
   'Upgrade-Insecure-Requests': 1,
   'Connection': keep-alive,
   'User-Agent': Mozilla/5.0 (X11; Linux x86_64) AppleWebKit/537.36 (KHTML, like Gecko) Chrome/105.0.0.0 Safari/537.36,
   'Referer': http://0.0.0.0:8891/,
   'Host': 0.0.0.0:8884,
   'Accept-Encoding': gzip, deflate,
   'Accept-Language': pt-BR,pt;q=0.9,en-US;q=0.8,en;q=0.7,
}
2022-11-18T03:45:13,400+00:00 DEBUG i.g.a.s.u.ConsoleUtils  ***** [/DEBUG INCOMING RAW HTTP REQUEST DUMP] ***** 
2022-11-18T03:45:13,405+00:00 DEBUG i.g.a.s.u.ConsoleUtils  ***** [DEBUG INCOMING ASSERTING HTTP REQUEST DUMP] ***** 
2022-11-18T03:45:13,405+00:00 DEBUG i.g.a.s.u.ConsoleUtils StubRequest{url=/api/v1/accounts/1, method=[GET], query={}, headers={accept=text/html,application/xhtml+xml,application/xml;q=0.9,image/avif,image/webp,image/apng,*/*;q=0.8,application/signed-exchange;v=b3;q=0.9, upgrade-insecure-requests=1, connection=keep-alive, user-agent=Mozilla/5.0 (X11; Linux x86_64) AppleWebKit/537.36 (KHTML, like Gecko) Chrome/105.0.0.0 Safari/537.36, referer=http://0.0.0.0:8891/, host=0.0.0.0:8884, accept-encoding=gzip, deflate, accept-language=pt-BR,pt;q=0.9,en-US;q=0.8,en;q=0.7}}
2022-11-18T03:45:13,406+00:00 DEBUG i.g.a.s.u.ConsoleUtils  ***** [/DEBUG INCOMING ASSERTING HTTP REQUEST DUMP] ***** 
2022-11-18T03:45:13,484+00:00 INFO i.g.a.s.s.StubMatcher Matched on stubbed URL [/api/v1/accounts/1] WITH incoming [/api/v1/accounts/1]
2022-11-18T03:45:13,485+00:00 INFO i.g.a.s.s.StubMatcher Matched on stubbed METHOD [[GET]] WITH incoming [[GET]]
2022-11-18T03:45:13,486+00:00 DEBUG i.g.a.s.s.StubRepository Found a stubbed match after 80 milliseconds
2022-11-18T03:45:13,504+00:00 INFO i.g.a.s.u.ConsoleUtils [2022-11-18 03:45:13] <= 200 OK

2022-11-18T03:45:16,363+00:00 INFO i.g.a.s.u.ConsoleUtils [2022-11-18 03:45:16] => HTTP GET on [/ajax/stats/check]
2022-11-18T03:45:23,747+00:00 INFO i.g.a.s.u.ConsoleUtils [2022-11-18 03:45:23] => HTTP GET on [/anything]
2022-11-18T03:45:23,754+00:00 DEBUG i.g.a.s.u.ConsoleUtils  ***** [DEBUG INCOMING RAW HTTP REQUEST DUMP] ***** 
2022-11-18T03:45:23,757+00:00 DEBUG i.g.a.s.u.ConsoleUtils    PROTOCOL: HTTP/1.1
   METHOD: GET
   CONTEXT PATH: 
   SERVLET PATH: 
   AUTH TYPE: null
   REMOTE USER: null
   REQUEST URI: /anything
   REQUEST URL: http://0.0.0.0:8884/anything
   QUERY STRING: null
   PATH INFO: /anything
   PATH TRANSLATED: null
   HEADERS: {
   'Accept': text/html,application/xhtml+xml,application/xml;q=0.9,image/avif,image/webp,image/apng,*/*;q=0.8,application/signed-exchange;v=b3;q=0.9,
   'Upgrade-Insecure-Requests': 1,
   'Connection': keep-alive,
   'User-Agent': Mozilla/5.0 (X11; Linux x86_64) AppleWebKit/537.36 (KHTML, like Gecko) Chrome/105.0.0.0 Safari/537.36,
   'Referer': http://0.0.0.0:8891/,
   'Host': 0.0.0.0:8884,
   'Accept-Encoding': gzip, deflate,
   'Accept-Language': pt-BR,pt;q=0.9,en-US;q=0.8,en;q=0.7,
}
2022-11-18T03:45:23,758+00:00 DEBUG i.g.a.s.u.ConsoleUtils  ***** [/DEBUG INCOMING RAW HTTP REQUEST DUMP] ***** 
2022-11-18T03:45:23,759+00:00 DEBUG i.g.a.s.u.ConsoleUtils  ***** [DEBUG INCOMING ASSERTING HTTP REQUEST DUMP] ***** 
2022-11-18T03:45:23,760+00:00 DEBUG i.g.a.s.u.ConsoleUtils StubRequest{url=/anything, method=[GET], query={}, headers={accept=text/html,application/xhtml+xml,application/xml;q=0.9,image/avif,image/webp,image/apng,*/*;q=0.8,application/signed-exchange;v=b3;q=0.9, upgrade-insecure-requests=1, connection=keep-alive, user-agent=Mozilla/5.0 (X11; Linux x86_64) AppleWebKit/537.36 (KHTML, like Gecko) Chrome/105.0.0.0 Safari/537.36, referer=http://0.0.0.0:8891/, host=0.0.0.0:8884, accept-encoding=gzip, deflate, accept-language=pt-BR,pt;q=0.9,en-US;q=0.8,en;q=0.7}}
2022-11-18T03:45:23,762+00:00 DEBUG i.g.a.s.u.ConsoleUtils  ***** [/DEBUG INCOMING ASSERTING HTTP REQUEST DUMP] ***** 
2022-11-18T03:45:23,764+00:00 ERROR i.g.a.s.s.StubMatcher Failed to match on stubbed URL [/api/v1/accounts/1] WITH incoming [/anything]
2022-11-18T03:45:23,766+00:00 INFO i.g.a.s.s.StubMatcher Matched on stubbed URL [/anything] WITH incoming [/anything]
2022-11-18T03:45:23,768+00:00 INFO i.g.a.s.s.StubMatcher Matched on stubbed METHOD [[GET]] WITH incoming [[GET]]
2022-11-18T03:45:23,770+00:00 DEBUG i.g.a.s.s.StubRepository Found a stubbed match after 7 milliseconds
2022-11-18T03:45:23,780+00:00 INFO i.g.a.s.u.ConsoleUtils [2022-11-18 03:45:23] <= 200 OK

2022-11-18T03:56:51,816+00:00 INFO i.g.a.s.f.MainIncludedYamlScanner Main YAML included YAMLs scan detected change in /home/stubby4j/data/include-data-service-stubs.yaml.
2022-11-18T03:56:51,864+00:00 INFO i.g.a.s.u.ConsoleUtils Loaded stub metadata: [GET] /api/v1/accounts/1
2022-11-18T03:56:51,883+00:00 INFO i.g.a.s.u.ConsoleUtils Loaded stub metadata: [] /1.1/direct_messages.json?since_id=240136858829479935&count=1
2022-11-18T03:56:51,885+00:00 INFO i.g.a.s.f.MainIncludedYamlScanner Successfully performed live refresh of main YAML with included YAMLs from: data/gateway-tests-stubs.yaml.
2022-11-18T03:58:43,797+00:00 INFO i.g.a.s.f.MainIncludedYamlScanner Main YAML included YAMLs scan detected change in /home/stubby4j/data/include-data-service-stubs.yaml.
2022-11-18T03:58:43,818+00:00 INFO i.g.a.s.u.ConsoleUtils Loaded stub metadata: [GET] /api/v1/accounts/1
2022-11-18T03:58:43,822+00:00 INFO i.g.a.s.u.ConsoleUtils Loaded stub metadata: [POST] api/v1/clientes/1
2022-11-18T03:58:43,823+00:00 INFO i.g.a.s.f.MainIncludedYamlScanner Successfully performed live refresh of main YAML with included YAMLs from: data/gateway-tests-stubs.yaml.
2022-11-18T03:59:10,411+00:00 INFO i.g.a.s.f.MainIncludedYamlScanner Main YAML included YAMLs scan detected change in /home/stubby4j/data/include-data-service-stubs.yaml.
2022-11-18T03:59:10,419+00:00 INFO i.g.a.s.u.ConsoleUtils Loaded stub metadata: [GET] /api/v1/accounts/1
2022-11-18T03:59:10,423+00:00 INFO i.g.a.s.u.ConsoleUtils Loaded stub metadata: [POST] api/v1/clientes/1
2022-11-18T03:59:10,423+00:00 INFO i.g.a.s.f.MainIncludedYamlScanner Successfully performed live refresh of main YAML with included YAMLs from: data/gateway-tests-stubs.yaml.
2022-11-18T04:00:12,016+00:00 INFO i.g.a.s.f.MainIncludedYamlScanner Main YAML included YAMLs scan detected change in /home/stubby4j/data/include-data-service-stubs.yaml.
2022-11-18T04:00:12,025+00:00 INFO i.g.a.s.u.ConsoleUtils Loaded stub metadata: [GET] /api/v1/accounts/1
2022-11-18T04:00:12,029+00:00 INFO i.g.a.s.u.ConsoleUtils Loaded stub metadata: [POST] api/v1/clientes/1
2022-11-18T04:00:12,030+00:00 INFO i.g.a.s.f.MainIncludedYamlScanner Successfully performed live refresh of main YAML with included YAMLs from: data/gateway-tests-stubs.yaml.
2022-11-18T04:00:45,683+00:00 INFO i.g.a.s.f.MainIncludedYamlScanner Main YAML included YAMLs scan detected change in /home/stubby4j/data/include-data-service-stubs.yaml.
2022-11-18T04:00:45,708+00:00 ERROR i.g.a.s.f.MainIncludedYamlScanner Could not refresh YAML configuration, previously loaded stubs remain untouched.
org.yaml.snakeyaml.scanner.ScannerException: while scanning a simple key
 in 'reader', line 20, column 5:
        body >
        ^
could not find expected ':'
 in 'reader', line 23, column 1:
    
    ^

	at org.yaml.snakeyaml.scanner.ScannerImpl.stalePossibleSimpleKeys(ScannerImpl.java:484) ~[stubby4j.jar:7.5.3-SNAPSHOT]
	at org.yaml.snakeyaml.scanner.ScannerImpl.needMoreTokens(ScannerImpl.java:299) ~[stubby4j.jar:7.5.3-SNAPSHOT]
	at org.yaml.snakeyaml.scanner.ScannerImpl.checkToken(ScannerImpl.java:247) ~[stubby4j.jar:7.5.3-SNAPSHOT]
	at org.yaml.snakeyaml.parser.ParserImpl$ParseBlockMappingKey.produce(ParserImpl.java:634) ~[stubby4j.jar:7.5.3-SNAPSHOT]
	at org.yaml.snakeyaml.parser.ParserImpl.peekEvent(ParserImpl.java:165) ~[stubby4j.jar:7.5.3-SNAPSHOT]
	at org.yaml.snakeyaml.comments.CommentEventsCollector$1.peek(CommentEventsCollector.java:59) ~[stubby4j.jar:7.5.3-SNAPSHOT]
	at org.yaml.snakeyaml.comments.CommentEventsCollector$1.peek(CommentEventsCollector.java:45) ~[stubby4j.jar:7.5.3-SNAPSHOT]
	at org.yaml.snakeyaml.comments.CommentEventsCollector.collectEvents(CommentEventsCollector.java:140) ~[stubby4j.jar:7.5.3-SNAPSHOT]
	at org.yaml.snakeyaml.comments.CommentEventsCollector.collectEvents(CommentEventsCollector.java:119) ~[stubby4j.jar:7.5.3-SNAPSHOT]
	at org.yaml.snakeyaml.composer.Composer.composeScalarNode(Composer.java:214) ~[stubby4j.jar:7.5.3-SNAPSHOT]
	at org.yaml.snakeyaml.composer.Composer.composeNode(Composer.java:184) ~[stubby4j.jar:7.5.3-SNAPSHOT]
	at org.yaml.snakeyaml.composer.Composer.composeValueNode(Composer.java:314) ~[stubby4j.jar:7.5.3-SNAPSHOT]
	at org.yaml.snakeyaml.composer.Composer.composeMappingChildren(Composer.java:305) ~[stubby4j.jar:7.5.3-SNAPSHOT]
	at org.yaml.snakeyaml.composer.Composer.composeMappingNode(Composer.java:286) ~[stubby4j.jar:7.5.3-SNAPSHOT]
	at org.yaml.snakeyaml.composer.Composer.composeNode(Composer.java:188) ~[stubby4j.jar:7.5.3-SNAPSHOT]
	at org.yaml.snakeyaml.composer.Composer.composeValueNode(Composer.java:314) ~[stubby4j.jar:7.5.3-SNAPSHOT]
	at org.yaml.snakeyaml.composer.Composer.composeMappingChildren(Composer.java:305) ~[stubby4j.jar:7.5.3-SNAPSHOT]
	at org.yaml.snakeyaml.composer.Composer.composeMappingNode(Composer.java:286) ~[stubby4j.jar:7.5.3-SNAPSHOT]
	at org.yaml.snakeyaml.composer.Composer.composeNode(Composer.java:188) ~[stubby4j.jar:7.5.3-SNAPSHOT]
	at org.yaml.snakeyaml.composer.Composer.composeValueNode(Composer.java:314) ~[stubby4j.jar:7.5.3-SNAPSHOT]
	at org.yaml.snakeyaml.composer.Composer.composeMappingChildren(Composer.java:305) ~[stubby4j.jar:7.5.3-SNAPSHOT]
	at org.yaml.snakeyaml.composer.Composer.composeMappingNode(Composer.java:286) ~[stubby4j.jar:7.5.3-SNAPSHOT]
	at org.yaml.snakeyaml.composer.Composer.composeNode(Composer.java:188) ~[stubby4j.jar:7.5.3-SNAPSHOT]
	at org.yaml.snakeyaml.composer.Composer.composeSequenceNode(Composer.java:245) ~[stubby4j.jar:7.5.3-SNAPSHOT]
	at org.yaml.snakeyaml.composer.Composer.composeNode(Composer.java:186) ~[stubby4j.jar:7.5.3-SNAPSHOT]
	at org.yaml.snakeyaml.composer.Composer.getNode(Composer.java:115) ~[stubby4j.jar:7.5.3-SNAPSHOT]
	at org.yaml.snakeyaml.composer.Composer.getSingleNode(Composer.java:142) ~[stubby4j.jar:7.5.3-SNAPSHOT]
	at org.yaml.snakeyaml.constructor.BaseConstructor.getSingleData(BaseConstructor.java:151) ~[stubby4j.jar:7.5.3-SNAPSHOT]
	at org.yaml.snakeyaml.Yaml.loadFromReader(Yaml.java:491) ~[stubby4j.jar:7.5.3-SNAPSHOT]
	at org.yaml.snakeyaml.Yaml.load(Yaml.java:429) ~[stubby4j.jar:7.5.3-SNAPSHOT]
	at io.github.azagniotov.stubby4j.yaml.YamlParser.loadRawYamlConfig(YamlParser.java:84) ~[stubby4j.jar:7.5.3-SNAPSHOT]
	at io.github.azagniotov.stubby4j.yaml.YamlParser.loadYamlFromInputStream(YamlParser.java:188) ~[stubby4j.jar:7.5.3-SNAPSHOT]
	at io.github.azagniotov.stubby4j.yaml.YamlParser.parse(YamlParser.java:116) ~[stubby4j.jar:7.5.3-SNAPSHOT]
	at io.github.azagniotov.stubby4j.yaml.YamlParser.parse(YamlParser.java:110) ~[stubby4j.jar:7.5.3-SNAPSHOT]
	at io.github.azagniotov.stubby4j.stubs.StubRepository.refreshStubsFromYamlConfig(StubRepository.java:351) ~[stubby4j.jar:7.5.3-SNAPSHOT]
	at io.github.azagniotov.stubby4j.filesystem.MainIncludedYamlScanner.run(MainIncludedYamlScanner.java:91) [stubby4j.jar:7.5.3-SNAPSHOT]
	at java.lang.Thread.run(Thread.java:834) [?:?]
2022-11-18T04:01:17,904+00:00 INFO i.g.a.s.f.MainIncludedYamlScanner Main YAML included YAMLs scan detected change in /home/stubby4j/data/include-data-service-stubs.yaml.
2022-11-18T04:01:17,910+00:00 ERROR i.g.a.s.f.MainIncludedYamlScanner Could not refresh YAML configuration, previously loaded stubs remain untouched.
org.yaml.snakeyaml.parser.ParserException: while parsing a block mapping
 in 'reader', line 17, column 5:
        status: 200
        ^
expected <block end>, but found '}'
 in 'reader', line 20, column 82:
     ... liam",   "endereco": "rua 9"  } }
                                         ^

	at org.yaml.snakeyaml.parser.ParserImpl$ParseBlockMappingKey.produce(ParserImpl.java:649) ~[stubby4j.jar:7.5.3-SNAPSHOT]
	at org.yaml.snakeyaml.parser.ParserImpl.peekEvent(ParserImpl.java:165) ~[stubby4j.jar:7.5.3-SNAPSHOT]
	at org.yaml.snakeyaml.comments.CommentEventsCollector$1.peek(CommentEventsCollector.java:59) ~[stubby4j.jar:7.5.3-SNAPSHOT]
	at org.yaml.snakeyaml.comments.CommentEventsCollector$1.peek(CommentEventsCollector.java:45) ~[stubby4j.jar:7.5.3-SNAPSHOT]
	at org.yaml.snakeyaml.comments.CommentEventsCollector.collectEvents(CommentEventsCollector.java:140) ~[stubby4j.jar:7.5.3-SNAPSHOT]
	at org.yaml.snakeyaml.comments.CommentEventsCollector.collectEvents(CommentEventsCollector.java:119) ~[stubby4j.jar:7.5.3-SNAPSHOT]
	at org.yaml.snakeyaml.composer.Composer.composeMappingNode(Composer.java:293) ~[stubby4j.jar:7.5.3-SNAPSHOT]
	at org.yaml.snakeyaml.composer.Composer.composeNode(Composer.java:188) ~[stubby4j.jar:7.5.3-SNAPSHOT]
	at org.yaml.snakeyaml.composer.Composer.composeValueNode(Composer.java:314) ~[stubby4j.jar:7.5.3-SNAPSHOT]
	at org.yaml.snakeyaml.composer.Composer.composeMappingChildren(Composer.java:305) ~[stubby4j.jar:7.5.3-SNAPSHOT]
	at org.yaml.snakeyaml.composer.Composer.composeMappingNode(Composer.java:286) ~[stubby4j.jar:7.5.3-SNAPSHOT]
	at org.yaml.snakeyaml.composer.Composer.composeNode(Composer.java:188) ~[stubby4j.jar:7.5.3-SNAPSHOT]
	at org.yaml.snakeyaml.composer.Composer.composeValueNode(Composer.java:314) ~[stubby4j.jar:7.5.3-SNAPSHOT]
	at org.yaml.snakeyaml.composer.Composer.composeMappingChildren(Composer.java:305) ~[stubby4j.jar:7.5.3-SNAPSHOT]
	at org.yaml.snakeyaml.composer.Composer.composeMappingNode(Composer.java:286) ~[stubby4j.jar:7.5.3-SNAPSHOT]
	at org.yaml.snakeyaml.composer.Composer.composeNode(Composer.java:188) ~[stubby4j.jar:7.5.3-SNAPSHOT]
	at org.yaml.snakeyaml.composer.Composer.composeSequenceNode(Composer.java:245) ~[stubby4j.jar:7.5.3-SNAPSHOT]
	at org.yaml.snakeyaml.composer.Composer.composeNode(Composer.java:186) ~[stubby4j.jar:7.5.3-SNAPSHOT]
	at org.yaml.snakeyaml.composer.Composer.getNode(Composer.java:115) ~[stubby4j.jar:7.5.3-SNAPSHOT]
	at org.yaml.snakeyaml.composer.Composer.getSingleNode(Composer.java:142) ~[stubby4j.jar:7.5.3-SNAPSHOT]
	at org.yaml.snakeyaml.constructor.BaseConstructor.getSingleData(BaseConstructor.java:151) ~[stubby4j.jar:7.5.3-SNAPSHOT]
	at org.yaml.snakeyaml.Yaml.loadFromReader(Yaml.java:491) ~[stubby4j.jar:7.5.3-SNAPSHOT]
	at org.yaml.snakeyaml.Yaml.load(Yaml.java:429) ~[stubby4j.jar:7.5.3-SNAPSHOT]
	at io.github.azagniotov.stubby4j.yaml.YamlParser.loadRawYamlConfig(YamlParser.java:84) ~[stubby4j.jar:7.5.3-SNAPSHOT]
	at io.github.azagniotov.stubby4j.yaml.YamlParser.loadYamlFromInputStream(YamlParser.java:188) ~[stubby4j.jar:7.5.3-SNAPSHOT]
	at io.github.azagniotov.stubby4j.yaml.YamlParser.parse(YamlParser.java:116) ~[stubby4j.jar:7.5.3-SNAPSHOT]
	at io.github.azagniotov.stubby4j.yaml.YamlParser.parse(YamlParser.java:110) ~[stubby4j.jar:7.5.3-SNAPSHOT]
	at io.github.azagniotov.stubby4j.stubs.StubRepository.refreshStubsFromYamlConfig(StubRepository.java:351) ~[stubby4j.jar:7.5.3-SNAPSHOT]
	at io.github.azagniotov.stubby4j.filesystem.MainIncludedYamlScanner.run(MainIncludedYamlScanner.java:91) [stubby4j.jar:7.5.3-SNAPSHOT]
	at java.lang.Thread.run(Thread.java:834) [?:?]
2022-11-18T04:01:51,112+00:00 INFO i.g.a.s.f.MainIncludedYamlScanner Main YAML included YAMLs scan detected change in /home/stubby4j/data/include-data-service-stubs.yaml.
2022-11-18T04:01:51,123+00:00 INFO i.g.a.s.u.ConsoleUtils Loaded stub metadata: [GET] /api/v1/accounts/1
2022-11-18T04:01:51,130+00:00 INFO i.g.a.s.u.ConsoleUtils Loaded stub metadata: [POST] api/v1/clientes/1
2022-11-18T04:01:51,131+00:00 INFO i.g.a.s.f.MainIncludedYamlScanner Successfully performed live refresh of main YAML with included YAMLs from: data/gateway-tests-stubs.yaml.
2022-11-18T04:03:12,705+00:00 INFO i.g.a.s.f.MainIncludedYamlScanner Main YAML included YAMLs scan detected change in /home/stubby4j/data/include-data-service-stubs.yaml.
2022-11-18T04:03:12,717+00:00 INFO i.g.a.s.u.ConsoleUtils Loaded stub metadata: [GET] /api/v1/accounts/1
2022-11-18T04:03:12,723+00:00 INFO i.g.a.s.u.ConsoleUtils Loaded stub metadata: [POST] api/v1/clientes/1
2022-11-18T04:03:12,723+00:00 INFO i.g.a.s.f.MainIncludedYamlScanner Successfully performed live refresh of main YAML with included YAMLs from: data/gateway-tests-stubs.yaml.
2022-11-18T04:03:21,366+00:00 INFO i.g.a.s.u.ConsoleUtils [2022-11-18 04:03:21] => HTTP GET on [/status]
2022-11-18T04:03:21,408+00:00 INFO i.g.a.s.u.ConsoleUtils [2022-11-18 04:03:21] <= 200 OK

2022-11-18T04:03:24,460+00:00 INFO i.g.a.s.u.ConsoleUtils [2022-11-18 04:03:24] => HTTP GET on [/ajax/stats/check]
2022-11-18T04:06:00,843+00:00 INFO i.g.a.s.f.MainIncludedYamlScanner Main YAML included YAMLs scan detected change in /home/stubby4j/data/include-data-service-stubs.yaml.
2022-11-18T04:06:00,849+00:00 INFO i.g.a.s.u.ConsoleUtils Loaded stub metadata: [GET] /api/v1/accounts/1
2022-11-18T04:06:00,851+00:00 INFO i.g.a.s.u.ConsoleUtils Loaded stub metadata: [POST] api/v1/clientes/1
2022-11-18T04:06:00,851+00:00 INFO i.g.a.s.f.MainIncludedYamlScanner Successfully performed live refresh of main YAML with included YAMLs from: data/gateway-tests-stubs.yaml.
2022-11-18T04:06:06,954+00:00 INFO i.g.a.s.u.ConsoleUtils [2022-11-18 04:06:06] => HTTP GET on [/status]
2022-11-18T04:06:07,006+00:00 INFO i.g.a.s.u.ConsoleUtils [2022-11-18 04:06:07] <= 200 OK

2022-11-18T04:06:10,067+00:00 INFO i.g.a.s.u.ConsoleUtils [2022-11-18 04:06:10] => HTTP GET on [/ajax/stats/check]
2022-11-18T04:06:49,082+00:00 INFO i.g.a.s.f.MainIncludedYamlScanner Main YAML included YAMLs scan detected change in /home/stubby4j/data/include-data-service-stubs.yaml.
2022-11-18T04:06:49,089+00:00 INFO i.g.a.s.u.ConsoleUtils Loaded stub metadata: [GET] /api/v1/accounts/1
2022-11-18T04:06:49,091+00:00 INFO i.g.a.s.u.ConsoleUtils Loaded stub metadata: [GET] /api/v1/clientes/1
2022-11-18T04:06:49,091+00:00 INFO i.g.a.s.f.MainIncludedYamlScanner Successfully performed live refresh of main YAML with included YAMLs from: data/gateway-tests-stubs.yaml.
2022-11-18T04:06:50,894+00:00 INFO i.g.a.s.u.ConsoleUtils [2022-11-18 04:06:50] => HTTP GET on [/status]
2022-11-18T04:06:50,933+00:00 INFO i.g.a.s.u.ConsoleUtils [2022-11-18 04:06:50] <= 200 OK

2022-11-18T04:06:54,015+00:00 INFO i.g.a.s.u.ConsoleUtils [2022-11-18 04:06:54] => HTTP GET on [/ajax/stats/check]
2022-11-18T04:06:54,433+00:00 INFO i.g.a.s.u.ConsoleUtils [2022-11-18 04:06:54] => HTTP GET on [/api/v1/clientes/1]
2022-11-18T04:06:54,434+00:00 DEBUG i.g.a.s.u.ConsoleUtils  ***** [DEBUG INCOMING RAW HTTP REQUEST DUMP] ***** 
2022-11-18T04:06:54,437+00:00 DEBUG i.g.a.s.u.ConsoleUtils    PROTOCOL: HTTP/1.1
   METHOD: GET
   CONTEXT PATH: 
   SERVLET PATH: 
   AUTH TYPE: null
   REMOTE USER: null
   REQUEST URI: /api/v1/clientes/1
   REQUEST URL: http://0.0.0.0:8884/api/v1/clientes/1
   QUERY STRING: null
   PATH INFO: /api/v1/clientes/1
   PATH TRANSLATED: null
   HEADERS: {
   'Accept': text/html,application/xhtml+xml,application/xml;q=0.9,image/avif,image/webp,image/apng,*/*;q=0.8,application/signed-exchange;v=b3;q=0.9,
   'Upgrade-Insecure-Requests': 1,
   'Connection': keep-alive,
   'User-Agent': Mozilla/5.0 (X11; Linux x86_64) AppleWebKit/537.36 (KHTML, like Gecko) Chrome/105.0.0.0 Safari/537.36,
   'Referer': http://0.0.0.0:8891/,
   'Host': 0.0.0.0:8884,
   'Accept-Encoding': gzip, deflate,
   'Accept-Language': pt-BR,pt;q=0.9,en-US;q=0.8,en;q=0.7,
}
2022-11-18T04:06:54,438+00:00 DEBUG i.g.a.s.u.ConsoleUtils  ***** [/DEBUG INCOMING RAW HTTP REQUEST DUMP] ***** 
2022-11-18T04:06:54,439+00:00 DEBUG i.g.a.s.u.ConsoleUtils  ***** [DEBUG INCOMING ASSERTING HTTP REQUEST DUMP] ***** 
2022-11-18T04:06:54,439+00:00 DEBUG i.g.a.s.u.ConsoleUtils StubRequest{url=/api/v1/clientes/1, method=[GET], query={}, headers={accept=text/html,application/xhtml+xml,application/xml;q=0.9,image/avif,image/webp,image/apng,*/*;q=0.8,application/signed-exchange;v=b3;q=0.9, upgrade-insecure-requests=1, connection=keep-alive, user-agent=Mozilla/5.0 (X11; Linux x86_64) AppleWebKit/537.36 (KHTML, like Gecko) Chrome/105.0.0.0 Safari/537.36, referer=http://0.0.0.0:8891/, host=0.0.0.0:8884, accept-encoding=gzip, deflate, accept-language=pt-BR,pt;q=0.9,en-US;q=0.8,en;q=0.7}}
2022-11-18T04:06:54,444+00:00 DEBUG i.g.a.s.u.ConsoleUtils  ***** [/DEBUG INCOMING ASSERTING HTTP REQUEST DUMP] ***** 
2022-11-18T04:06:54,447+00:00 ERROR i.g.a.s.s.StubMatcher Failed to match on stubbed URL [/api/v1/accounts/1] WITH incoming [/api/v1/clientes/1]
2022-11-18T04:06:54,451+00:00 INFO i.g.a.s.s.StubMatcher Matched on stubbed URL [/api/v1/clientes/1] WITH incoming [/api/v1/clientes/1]
2022-11-18T04:06:54,454+00:00 INFO i.g.a.s.s.StubMatcher Matched on stubbed METHOD [[GET]] WITH incoming [[GET]]
2022-11-18T04:06:54,456+00:00 DEBUG i.g.a.s.s.StubRepository Found a stubbed match after 10 milliseconds
2022-11-18T04:06:54,465+00:00 INFO i.g.a.s.u.ConsoleUtils [2022-11-18 04:06:54] <= 200 OK

2022-11-18T04:07:59,861+00:00 INFO i.g.a.s.f.MainIncludedYamlScanner Main YAML included YAMLs scan detected change in /home/stubby4j/data/include-data-service-stubs.yaml.
2022-11-18T04:07:59,872+00:00 INFO i.g.a.s.u.ConsoleUtils Loaded stub metadata: [GET] /api/v1/accounts/1
2022-11-18T04:07:59,874+00:00 INFO i.g.a.s.u.ConsoleUtils Loaded stub metadata: [GET] /api/v1/clientes/1
2022-11-18T04:07:59,875+00:00 INFO i.g.a.s.f.MainIncludedYamlScanner Successfully performed live refresh of main YAML with included YAMLs from: data/gateway-tests-stubs.yaml.
2022-11-18T04:08:40,884+00:00 INFO i.g.a.s.u.ConsoleUtils [2022-11-18 04:08:40] => HTTP GET on [/status]
2022-11-18T04:08:40,914+00:00 INFO i.g.a.s.u.ConsoleUtils [2022-11-18 04:08:40] <= 200 OK

2022-11-18T04:08:44,010+00:00 INFO i.g.a.s.u.ConsoleUtils [2022-11-18 04:08:44] => HTTP GET on [/ajax/stats/check]
2022-11-18T04:08:44,588+00:00 INFO i.g.a.s.u.ConsoleUtils [2022-11-18 04:08:44] => HTTP GET on [/api/v1/clientes/1]
2022-11-18T04:08:44,588+00:00 DEBUG i.g.a.s.u.ConsoleUtils  ***** [DEBUG INCOMING RAW HTTP REQUEST DUMP] ***** 
2022-11-18T04:08:44,589+00:00 DEBUG i.g.a.s.u.ConsoleUtils    PROTOCOL: HTTP/1.1
   METHOD: GET
   CONTEXT PATH: 
   SERVLET PATH: 
   AUTH TYPE: null
   REMOTE USER: null
   REQUEST URI: /api/v1/clientes/1
   REQUEST URL: http://0.0.0.0:8884/api/v1/clientes/1
   QUERY STRING: null
   PATH INFO: /api/v1/clientes/1
   PATH TRANSLATED: null
   HEADERS: {
   'Accept': text/html,application/xhtml+xml,application/xml;q=0.9,image/avif,image/webp,image/apng,*/*;q=0.8,application/signed-exchange;v=b3;q=0.9,
   'Upgrade-Insecure-Requests': 1,
   'Connection': keep-alive,
   'User-Agent': Mozilla/5.0 (X11; Linux x86_64) AppleWebKit/537.36 (KHTML, like Gecko) Chrome/105.0.0.0 Safari/537.36,
   'Referer': http://0.0.0.0:8891/,
   'Host': 0.0.0.0:8884,
   'Accept-Encoding': gzip, deflate,
   'Accept-Language': pt-BR,pt;q=0.9,en-US;q=0.8,en;q=0.7,
}
2022-11-18T04:08:44,589+00:00 DEBUG i.g.a.s.u.ConsoleUtils  ***** [/DEBUG INCOMING RAW HTTP REQUEST DUMP] ***** 
2022-11-18T04:08:44,589+00:00 DEBUG i.g.a.s.u.ConsoleUtils  ***** [DEBUG INCOMING ASSERTING HTTP REQUEST DUMP] ***** 
2022-11-18T04:08:44,590+00:00 DEBUG i.g.a.s.u.ConsoleUtils StubRequest{url=/api/v1/clientes/1, method=[GET], query={}, headers={accept=text/html,application/xhtml+xml,application/xml;q=0.9,image/avif,image/webp,image/apng,*/*;q=0.8,application/signed-exchange;v=b3;q=0.9, upgrade-insecure-requests=1, connection=keep-alive, user-agent=Mozilla/5.0 (X11; Linux x86_64) AppleWebKit/537.36 (KHTML, like Gecko) Chrome/105.0.0.0 Safari/537.36, referer=http://0.0.0.0:8891/, host=0.0.0.0:8884, accept-encoding=gzip, deflate, accept-language=pt-BR,pt;q=0.9,en-US;q=0.8,en;q=0.7}}
2022-11-18T04:08:44,590+00:00 DEBUG i.g.a.s.u.ConsoleUtils  ***** [/DEBUG INCOMING ASSERTING HTTP REQUEST DUMP] ***** 
2022-11-18T04:08:44,590+00:00 ERROR i.g.a.s.s.StubMatcher Failed to match on stubbed URL [/api/v1/accounts/1] WITH incoming [/api/v1/clientes/1]
2022-11-18T04:08:44,591+00:00 INFO i.g.a.s.s.StubMatcher Matched on stubbed URL [/api/v1/clientes/1] WITH incoming [/api/v1/clientes/1]
2022-11-18T04:08:44,591+00:00 INFO i.g.a.s.s.StubMatcher Matched on stubbed METHOD [[GET]] WITH incoming [[GET]]
2022-11-18T04:08:44,591+00:00 DEBUG i.g.a.s.s.StubRepository Found a stubbed match after 1 milliseconds
2022-11-18T04:08:44,597+00:00 INFO i.g.a.s.u.ConsoleUtils [2022-11-18 04:08:44] <= 200 OK

2022-11-18T04:09:53,907+00:00 INFO i.g.a.s.f.MainIncludedYamlScanner Main YAML included YAMLs scan detected change in /home/stubby4j/data/include-data-service-stubs.yaml.
2022-11-18T04:09:53,936+00:00 INFO i.g.a.s.u.ConsoleUtils Loaded stub metadata: [GET] /api/v1/accounts/1
2022-11-18T04:09:53,953+00:00 INFO i.g.a.s.u.ConsoleUtils Loaded stub metadata: [GET] /api/v1/clientes/1
2022-11-18T04:09:53,957+00:00 INFO i.g.a.s.u.ConsoleUtils Loaded stub metadata: [GET] /api/v1/clientes
2022-11-18T04:09:53,958+00:00 INFO i.g.a.s.f.MainIncludedYamlScanner Successfully performed live refresh of main YAML with included YAMLs from: data/gateway-tests-stubs.yaml.
2022-11-18T04:12:30,058+00:00 INFO i.g.a.s.f.MainIncludedYamlScanner Main YAML included YAMLs scan detected change in /home/stubby4j/data/include-data-service-stubs.yaml.
2022-11-18T04:12:30,068+00:00 INFO i.g.a.s.u.ConsoleUtils Loaded stub metadata: [GET] /api/v1/accounts/1
2022-11-18T04:12:30,070+00:00 INFO i.g.a.s.u.ConsoleUtils Loaded stub metadata: [GET] /api/v1/clientes/1
2022-11-18T04:12:30,077+00:00 INFO i.g.a.s.u.ConsoleUtils Loaded stub metadata: [GET] /api/v1/clientes
2022-11-18T04:12:30,077+00:00 INFO i.g.a.s.f.MainIncludedYamlScanner Successfully performed live refresh of main YAML with included YAMLs from: data/gateway-tests-stubs.yaml.
2022-11-18T04:12:33,960+00:00 INFO i.g.a.s.u.ConsoleUtils [2022-11-18 04:12:33] => HTTP GET on [/status]
2022-11-18T04:12:34,004+00:00 INFO i.g.a.s.u.ConsoleUtils [2022-11-18 04:12:34] <= 200 OK

2022-11-18T04:12:37,087+00:00 INFO i.g.a.s.u.ConsoleUtils [2022-11-18 04:12:37] => HTTP GET on [/ajax/stats/check]
2022-11-18T04:12:44,185+00:00 INFO i.g.a.s.u.ConsoleUtils [2022-11-18 04:12:44] => HTTP GET on [/api/v1/clientes]
2022-11-18T04:12:44,187+00:00 DEBUG i.g.a.s.u.ConsoleUtils  ***** [DEBUG INCOMING RAW HTTP REQUEST DUMP] ***** 
2022-11-18T04:12:44,189+00:00 DEBUG i.g.a.s.u.ConsoleUtils    PROTOCOL: HTTP/1.1
   METHOD: GET
   CONTEXT PATH: 
   SERVLET PATH: 
   AUTH TYPE: null
   REMOTE USER: null
   REQUEST URI: /api/v1/clientes
   REQUEST URL: http://0.0.0.0:8884/api/v1/clientes
   QUERY STRING: null
   PATH INFO: /api/v1/clientes
   PATH TRANSLATED: null
   HEADERS: {
   'Accept': text/html,application/xhtml+xml,application/xml;q=0.9,image/avif,image/webp,image/apng,*/*;q=0.8,application/signed-exchange;v=b3;q=0.9,
   'Upgrade-Insecure-Requests': 1,
   'Connection': keep-alive,
   'User-Agent': Mozilla/5.0 (X11; Linux x86_64) AppleWebKit/537.36 (KHTML, like Gecko) Chrome/105.0.0.0 Safari/537.36,
   'Referer': http://0.0.0.0:8891/,
   'Host': 0.0.0.0:8884,
   'Accept-Encoding': gzip, deflate,
   'Accept-Language': pt-BR,pt;q=0.9,en-US;q=0.8,en;q=0.7,
}
2022-11-18T04:12:44,190+00:00 DEBUG i.g.a.s.u.ConsoleUtils  ***** [/DEBUG INCOMING RAW HTTP REQUEST DUMP] ***** 
2022-11-18T04:12:44,192+00:00 DEBUG i.g.a.s.u.ConsoleUtils  ***** [DEBUG INCOMING ASSERTING HTTP REQUEST DUMP] ***** 
2022-11-18T04:12:44,192+00:00 DEBUG i.g.a.s.u.ConsoleUtils StubRequest{url=/api/v1/clientes, method=[GET], query={}, headers={accept=text/html,application/xhtml+xml,application/xml;q=0.9,image/avif,image/webp,image/apng,*/*;q=0.8,application/signed-exchange;v=b3;q=0.9, upgrade-insecure-requests=1, connection=keep-alive, user-agent=Mozilla/5.0 (X11; Linux x86_64) AppleWebKit/537.36 (KHTML, like Gecko) Chrome/105.0.0.0 Safari/537.36, referer=http://0.0.0.0:8891/, host=0.0.0.0:8884, accept-encoding=gzip, deflate, accept-language=pt-BR,pt;q=0.9,en-US;q=0.8,en;q=0.7}}
2022-11-18T04:12:44,197+00:00 DEBUG i.g.a.s.u.ConsoleUtils  ***** [/DEBUG INCOMING ASSERTING HTTP REQUEST DUMP] ***** 
2022-11-18T04:12:44,198+00:00 ERROR i.g.a.s.s.StubMatcher Failed to match on stubbed URL [/api/v1/accounts/1] WITH incoming [/api/v1/clientes]
2022-11-18T04:12:44,199+00:00 ERROR i.g.a.s.s.StubMatcher Failed to match on stubbed URL [/api/v1/clientes/1] WITH incoming [/api/v1/clientes]
2022-11-18T04:12:44,200+00:00 INFO i.g.a.s.s.StubMatcher Matched on stubbed URL [/api/v1/clientes] WITH incoming [/api/v1/clientes]
2022-11-18T04:12:44,201+00:00 INFO i.g.a.s.s.StubMatcher Matched on stubbed METHOD [[GET]] WITH incoming [[GET]]
2022-11-18T04:12:44,202+00:00 DEBUG i.g.a.s.s.StubRepository Found a stubbed match after 4 milliseconds
2022-11-18T04:12:44,207+00:00 INFO i.g.a.s.u.ConsoleUtils [2022-11-18 04:12:44] <= 200 OK

2022-11-18T04:19:18,880+00:00 INFO i.g.a.s.f.MainIncludedYamlScanner Main YAML included YAMLs scan detected change in /home/stubby4j/data/include-data-service-stubs.yaml.
2022-11-18T04:19:18,923+00:00 INFO i.g.a.s.u.ConsoleUtils Loaded stub metadata: [GET] /api/v1/accounts/1
2022-11-18T04:19:18,928+00:00 INFO i.g.a.s.u.ConsoleUtils Loaded stub metadata: [GET, PUT] /api/v1/clientes/1
2022-11-18T04:19:18,934+00:00 INFO i.g.a.s.u.ConsoleUtils Loaded stub metadata: [GET] /api/v1/clientes
2022-11-18T04:19:18,934+00:00 INFO i.g.a.s.f.MainIncludedYamlScanner Successfully performed live refresh of main YAML with included YAMLs from: data/gateway-tests-stubs.yaml.
2022-11-18T04:19:22,647+00:00 INFO i.g.a.s.u.ConsoleUtils [2022-11-18 04:19:22] => HTTP GET on [/status]
2022-11-18T04:19:22,698+00:00 INFO i.g.a.s.u.ConsoleUtils [2022-11-18 04:19:22] <= 200 OK

2022-11-18T04:19:25,755+00:00 INFO i.g.a.s.u.ConsoleUtils [2022-11-18 04:19:25] => HTTP GET on [/ajax/stats/check]
2022-11-18T04:19:52,671+00:00 INFO i.g.a.s.u.ConsoleUtils [2022-11-18 04:19:52] => HTTP GET on [/ajax/resource/1/httplifecycle/requestAsYAML]
2022-11-18T04:19:52,690+00:00 INFO i.g.a.s.u.ConsoleUtils [2022-11-18 04:19:52] <= 200 OK

2022-11-18T04:20:05,219+00:00 INFO i.g.a.s.u.ConsoleUtils [2022-11-18 04:20:05] => HTTP GET on [/ajax/resource/1/response/body]
2022-11-18T04:20:05,225+00:00 INFO i.g.a.s.u.ConsoleUtils [2022-11-18 04:20:05] <= 200 OK

2022-11-18T04:20:08,972+00:00 INFO i.g.a.s.u.ConsoleUtils [2022-11-18 04:20:08] => HTTP GET on [/ajax/resource/1/httplifecycle/responseAsYAML]
2022-11-18T04:20:08,977+00:00 INFO i.g.a.s.u.ConsoleUtils [2022-11-18 04:20:08] <= 200 OK

2022-11-18T04:20:14,907+00:00 INFO i.g.a.s.u.ConsoleUtils [2022-11-18 04:20:14] => HTTP GET on [/ajax/resource/1/response/body]
2022-11-18T04:20:14,911+00:00 INFO i.g.a.s.u.ConsoleUtils [2022-11-18 04:20:14] <= 200 OK

2022-11-18T04:20:18,908+00:00 INFO i.g.a.s.u.ConsoleUtils [2022-11-18 04:20:18] => HTTP GET on [/api/v1/clientes/1]
2022-11-18T04:20:18,909+00:00 DEBUG i.g.a.s.u.ConsoleUtils  ***** [DEBUG INCOMING RAW HTTP REQUEST DUMP] ***** 
2022-11-18T04:20:18,910+00:00 DEBUG i.g.a.s.u.ConsoleUtils    PROTOCOL: HTTP/1.1
   METHOD: GET
   CONTEXT PATH: 
   SERVLET PATH: 
   AUTH TYPE: null
   REMOTE USER: null
   REQUEST URI: /api/v1/clientes/1
   REQUEST URL: http://0.0.0.0:8884/api/v1/clientes/1
   QUERY STRING: null
   PATH INFO: /api/v1/clientes/1
   PATH TRANSLATED: null
   HEADERS: {
   'Accept': text/html,application/xhtml+xml,application/xml;q=0.9,image/avif,image/webp,image/apng,*/*;q=0.8,application/signed-exchange;v=b3;q=0.9,
   'Upgrade-Insecure-Requests': 1,
   'Connection': keep-alive,
   'User-Agent': Mozilla/5.0 (X11; Linux x86_64) AppleWebKit/537.36 (KHTML, like Gecko) Chrome/105.0.0.0 Safari/537.36,
   'Referer': http://0.0.0.0:8891/,
   'Host': 0.0.0.0:8884,
   'Accept-Encoding': gzip, deflate,
   'Accept-Language': pt-BR,pt;q=0.9,en-US;q=0.8,en;q=0.7,
}
2022-11-18T04:20:18,911+00:00 DEBUG i.g.a.s.u.ConsoleUtils  ***** [/DEBUG INCOMING RAW HTTP REQUEST DUMP] ***** 
2022-11-18T04:20:18,911+00:00 DEBUG i.g.a.s.u.ConsoleUtils  ***** [DEBUG INCOMING ASSERTING HTTP REQUEST DUMP] ***** 
2022-11-18T04:20:18,918+00:00 DEBUG i.g.a.s.u.ConsoleUtils StubRequest{url=/api/v1/clientes/1, method=[GET], query={}, headers={accept=text/html,application/xhtml+xml,application/xml;q=0.9,image/avif,image/webp,image/apng,*/*;q=0.8,application/signed-exchange;v=b3;q=0.9, upgrade-insecure-requests=1, connection=keep-alive, user-agent=Mozilla/5.0 (X11; Linux x86_64) AppleWebKit/537.36 (KHTML, like Gecko) Chrome/105.0.0.0 Safari/537.36, referer=http://0.0.0.0:8891/, host=0.0.0.0:8884, accept-encoding=gzip, deflate, accept-language=pt-BR,pt;q=0.9,en-US;q=0.8,en;q=0.7}}
2022-11-18T04:20:18,922+00:00 DEBUG i.g.a.s.u.ConsoleUtils  ***** [/DEBUG INCOMING ASSERTING HTTP REQUEST DUMP] ***** 
2022-11-18T04:20:18,922+00:00 ERROR i.g.a.s.s.StubMatcher Failed to match on stubbed URL [/api/v1/accounts/1] WITH incoming [/api/v1/clientes/1]
2022-11-18T04:20:18,923+00:00 INFO i.g.a.s.s.StubMatcher Matched on stubbed URL [/api/v1/clientes/1] WITH incoming [/api/v1/clientes/1]
2022-11-18T04:20:18,923+00:00 INFO i.g.a.s.s.StubMatcher Matched on stubbed METHOD [[GET, PUT]] WITH incoming [[GET]]
2022-11-18T04:20:18,924+00:00 DEBUG i.g.a.s.s.StubRepository Found a stubbed match after 2 milliseconds
2022-11-18T04:20:18,926+00:00 INFO i.g.a.s.u.ConsoleUtils [2022-11-18 04:20:18] <= 200 OK

2022-11-18T11:22:56,006+00:00 INFO i.g.a.s.f.MainIncludedYamlScanner Main YAML included YAMLs scan detected change in /home/stubby4j/data/include-data-service-stubs.yaml.
2022-11-18T11:22:56,025+00:00 INFO i.g.a.s.u.ConsoleUtils Loaded stub metadata: [GET] /api/v1/accounts/1
2022-11-18T11:22:56,030+00:00 INFO i.g.a.s.u.ConsoleUtils Loaded stub metadata: [GET] /api/v1/clientes/1
2022-11-18T11:22:56,037+00:00 INFO i.g.a.s.u.ConsoleUtils Loaded stub metadata: [GET] /api/v1/clientes
2022-11-18T11:22:56,039+00:00 INFO i.g.a.s.f.MainIncludedYamlScanner Successfully performed live refresh of main YAML with included YAMLs from: data/gateway-tests-stubs.yaml.
2022-11-18T11:23:00,237+00:00 INFO i.g.a.s.u.ConsoleUtils [2022-11-18 11:23:00] => HTTP GET on [/status]
2022-11-18T11:23:00,273+00:00 INFO i.g.a.s.u.ConsoleUtils [2022-11-18 11:23:00] <= 200 OK

2022-11-18T11:23:03,355+00:00 INFO i.g.a.s.u.ConsoleUtils [2022-11-18 11:23:03] => HTTP GET on [/ajax/stats/check]
2022-11-18T11:36:34,706+00:00 INFO i.g.a.s.f.MainIncludedYamlScanner Main YAML included YAMLs scan detected change in /home/stubby4j/data/include-data-service-stubs.yaml.
2022-11-18T11:36:34,729+00:00 INFO i.g.a.s.u.ConsoleUtils Loaded stub metadata: [GET] /api/v1/accounts/1
2022-11-18T11:36:34,734+00:00 INFO i.g.a.s.u.ConsoleUtils Loaded stub metadata: [GET] /api/v1/clientes/1
2022-11-18T11:36:34,739+00:00 INFO i.g.a.s.u.ConsoleUtils Loaded stub metadata: [GET] /api/v1/clientes
2022-11-18T11:36:34,743+00:00 INFO i.g.a.s.u.ConsoleUtils Loaded stub metadata: [POST] /api/v1/clientes
2022-11-18T11:36:34,744+00:00 INFO i.g.a.s.f.MainIncludedYamlScanner Successfully performed live refresh of main YAML with included YAMLs from: data/gateway-tests-stubs.yaml.
2022-11-18T11:36:45,777+00:00 INFO i.g.a.s.u.ConsoleUtils [2022-11-18 11:36:45] => HTTP GET on [/status]
2022-11-18T11:36:45,809+00:00 INFO i.g.a.s.u.ConsoleUtils [2022-11-18 11:36:45] <= 200 OK

2022-11-18T11:36:48,907+00:00 INFO i.g.a.s.u.ConsoleUtils [2022-11-18 11:36:48] => HTTP GET on [/ajax/stats/check]
2022-11-18T11:36:56,678+00:00 INFO i.g.a.s.u.ConsoleUtils [2022-11-18 11:36:56] => HTTP GET on [/ajax/resource/3/httplifecycle/requestAsYAML]
2022-11-18T11:36:56,684+00:00 INFO i.g.a.s.u.ConsoleUtils [2022-11-18 11:36:56] <= 200 OK

2022-11-18T11:37:20,260+00:00 INFO i.g.a.s.f.MainIncludedYamlScanner Main YAML included YAMLs scan detected change in /home/stubby4j/data/include-data-service-stubs.yaml.
2022-11-18T11:37:20,265+00:00 INFO i.g.a.s.u.ConsoleUtils Loaded stub metadata: [GET] /api/v1/accounts/1
2022-11-18T11:37:20,266+00:00 INFO i.g.a.s.u.ConsoleUtils Loaded stub metadata: [GET] /api/v1/clientes/1
2022-11-18T11:37:20,268+00:00 INFO i.g.a.s.u.ConsoleUtils Loaded stub metadata: [GET] /api/v1/clientes
2022-11-18T11:37:20,269+00:00 INFO i.g.a.s.u.ConsoleUtils Loaded stub metadata: [POST] /api/v1/clientes
2022-11-18T11:37:20,270+00:00 INFO i.g.a.s.f.MainIncludedYamlScanner Successfully performed live refresh of main YAML with included YAMLs from: data/gateway-tests-stubs.yaml.
2022-11-18T11:37:39,646+00:00 INFO i.g.a.s.f.MainIncludedYamlScanner Main YAML included YAMLs scan detected change in /home/stubby4j/data/include-data-service-stubs.yaml.
2022-11-18T11:37:39,654+00:00 INFO i.g.a.s.u.ConsoleUtils Loaded stub metadata: [GET] /api/v1/accounts/1
2022-11-18T11:37:39,660+00:00 INFO i.g.a.s.u.ConsoleUtils Loaded stub metadata: [GET] /api/v1/clientes/1
2022-11-18T11:37:39,663+00:00 INFO i.g.a.s.u.ConsoleUtils Loaded stub metadata: [GET] /api/v1/clientes
2022-11-18T11:37:39,663+00:00 ERROR i.g.a.s.f.MainIncludedYamlScanner Could not refresh YAML configuration, previously loaded stubs remain untouched.
java.lang.ClassCastException: Expected: java.lang.String, instead got: java.util.ArrayList for instance: [{id=3, nome=laura, endereco=rua 10}]
	at io.github.azagniotov.generics.TypeSafeConverter.checkCast(TypeSafeConverter.java:117) ~[stubby4j.jar:7.5.3-SNAPSHOT]
	at io.github.azagniotov.generics.TypeSafeConverter.as(TypeSafeConverter.java:108) ~[stubby4j.jar:7.5.3-SNAPSHOT]
	at io.github.azagniotov.generics.TypeSafeConverter.asCheckedMap(TypeSafeConverter.java:92) ~[stubby4j.jar:7.5.3-SNAPSHOT]
	at io.github.azagniotov.generics.TypeSafeConverter.asCheckedLinkedHashMap(TypeSafeConverter.java:167) ~[stubby4j.jar:7.5.3-SNAPSHOT]
	at io.github.azagniotov.stubby4j.yaml.YamlParser.buildReflectableStub(YamlParser.java:372) ~[stubby4j.jar:7.5.3-SNAPSHOT]
	at io.github.azagniotov.stubby4j.yaml.YamlParser.parseStubbedRequestConfig(YamlParser.java:347) ~[stubby4j.jar:7.5.3-SNAPSHOT]
	at io.github.azagniotov.stubby4j.yaml.YamlParser.parseStubbedHttpLifecycleConfig(YamlParser.java:323) ~[stubby4j.jar:7.5.3-SNAPSHOT]
	at io.github.azagniotov.stubby4j.yaml.YamlParser.parse(YamlParser.java:152) ~[stubby4j.jar:7.5.3-SNAPSHOT]
	at io.github.azagniotov.stubby4j.yaml.YamlParser.parse(YamlParser.java:110) ~[stubby4j.jar:7.5.3-SNAPSHOT]
	at io.github.azagniotov.stubby4j.stubs.StubRepository.refreshStubsFromYamlConfig(StubRepository.java:351) ~[stubby4j.jar:7.5.3-SNAPSHOT]
	at io.github.azagniotov.stubby4j.filesystem.MainIncludedYamlScanner.run(MainIncludedYamlScanner.java:91) [stubby4j.jar:7.5.3-SNAPSHOT]
	at java.lang.Thread.run(Thread.java:834) [?:?]
2022-11-18T11:37:42,839+00:00 INFO i.g.a.s.u.ConsoleUtils [2022-11-18 11:37:42] => HTTP GET on [/status]
2022-11-18T11:37:42,880+00:00 INFO i.g.a.s.u.ConsoleUtils [2022-11-18 11:37:42] <= 200 OK

2022-11-18T11:37:45,983+00:00 INFO i.g.a.s.u.ConsoleUtils [2022-11-18 11:37:45] => HTTP GET on [/ajax/stats/check]
2022-11-18T11:38:15,416+00:00 INFO i.g.a.s.f.MainIncludedYamlScanner Main YAML included YAMLs scan detected change in /home/stubby4j/data/include-data-service-stubs.yaml.
2022-11-18T11:38:15,461+00:00 INFO i.g.a.s.u.ConsoleUtils Loaded stub metadata: [GET] /api/v1/accounts/1
2022-11-18T11:38:15,464+00:00 INFO i.g.a.s.u.ConsoleUtils Loaded stub metadata: [GET] /api/v1/clientes/1
2022-11-18T11:38:15,467+00:00 INFO i.g.a.s.u.ConsoleUtils Loaded stub metadata: [GET] /api/v1/clientes
2022-11-18T11:38:15,470+00:00 INFO i.g.a.s.u.ConsoleUtils Loaded stub metadata: [POST] /api/v1/clientes
2022-11-18T11:38:15,471+00:00 INFO i.g.a.s.f.MainIncludedYamlScanner Successfully performed live refresh of main YAML with included YAMLs from: data/gateway-tests-stubs.yaml.
2022-11-18T11:38:20,195+00:00 INFO i.g.a.s.u.ConsoleUtils [2022-11-18 11:38:20] => HTTP GET on [/status]
2022-11-18T11:38:20,225+00:00 INFO i.g.a.s.u.ConsoleUtils [2022-11-18 11:38:20] <= 200 OK

2022-11-18T11:38:23,300+00:00 INFO i.g.a.s.u.ConsoleUtils [2022-11-18 11:38:23] => HTTP GET on [/ajax/stats/check]
2022-11-18T11:38:25,448+00:00 INFO i.g.a.s.u.ConsoleUtils [2022-11-18 11:38:25] => HTTP GET on [/ajax/resource/3/request/post]
2022-11-18T11:38:25,452+00:00 INFO i.g.a.s.u.ConsoleUtils [2022-11-18 11:38:25] <= 200 OK

2022-11-18T11:39:01,950+00:00 INFO i.g.a.s.u.ConsoleUtils [2022-11-18 11:39:01] => HTTP GET on [/api/v1/clientes]
2022-11-18T11:39:01,955+00:00 DEBUG i.g.a.s.u.ConsoleUtils  ***** [DEBUG INCOMING RAW HTTP REQUEST DUMP] ***** 
2022-11-18T11:39:01,956+00:00 DEBUG i.g.a.s.u.ConsoleUtils    PROTOCOL: HTTP/1.1
   METHOD: GET
   CONTEXT PATH: 
   SERVLET PATH: 
   AUTH TYPE: null
   REMOTE USER: null
   REQUEST URI: /api/v1/clientes
   REQUEST URL: http://0.0.0.0:8884/api/v1/clientes
   QUERY STRING: null
   PATH INFO: /api/v1/clientes
   PATH TRANSLATED: null
   HEADERS: {
   'Accept': text/html,application/xhtml+xml,application/xml;q=0.9,image/avif,image/webp,image/apng,*/*;q=0.8,application/signed-exchange;v=b3;q=0.9,
   'Upgrade-Insecure-Requests': 1,
   'Connection': keep-alive,
   'User-Agent': Mozilla/5.0 (X11; Linux x86_64) AppleWebKit/537.36 (KHTML, like Gecko) Chrome/105.0.0.0 Safari/537.36,
   'Referer': http://0.0.0.0:8891/,
   'Host': 0.0.0.0:8884,
   'Accept-Encoding': gzip, deflate,
   'Accept-Language': pt-BR,pt;q=0.9,en-US;q=0.8,en;q=0.7,
}
2022-11-18T11:39:01,957+00:00 DEBUG i.g.a.s.u.ConsoleUtils  ***** [/DEBUG INCOMING RAW HTTP REQUEST DUMP] ***** 
2022-11-18T11:39:01,958+00:00 DEBUG i.g.a.s.u.ConsoleUtils  ***** [DEBUG INCOMING ASSERTING HTTP REQUEST DUMP] ***** 
2022-11-18T11:39:01,967+00:00 DEBUG i.g.a.s.u.ConsoleUtils StubRequest{url=/api/v1/clientes, method=[GET], query={}, headers={accept=text/html,application/xhtml+xml,application/xml;q=0.9,image/avif,image/webp,image/apng,*/*;q=0.8,application/signed-exchange;v=b3;q=0.9, upgrade-insecure-requests=1, connection=keep-alive, user-agent=Mozilla/5.0 (X11; Linux x86_64) AppleWebKit/537.36 (KHTML, like Gecko) Chrome/105.0.0.0 Safari/537.36, referer=http://0.0.0.0:8891/, host=0.0.0.0:8884, accept-encoding=gzip, deflate, accept-language=pt-BR,pt;q=0.9,en-US;q=0.8,en;q=0.7}}
2022-11-18T11:39:01,968+00:00 DEBUG i.g.a.s.u.ConsoleUtils  ***** [/DEBUG INCOMING ASSERTING HTTP REQUEST DUMP] ***** 
2022-11-18T11:39:01,971+00:00 ERROR i.g.a.s.s.StubMatcher Failed to match on stubbed URL [/api/v1/accounts/1] WITH incoming [/api/v1/clientes]
2022-11-18T11:39:01,972+00:00 ERROR i.g.a.s.s.StubMatcher Failed to match on stubbed URL [/api/v1/clientes/1] WITH incoming [/api/v1/clientes]
2022-11-18T11:39:01,973+00:00 INFO i.g.a.s.s.StubMatcher Matched on stubbed URL [/api/v1/clientes] WITH incoming [/api/v1/clientes]
2022-11-18T11:39:01,973+00:00 INFO i.g.a.s.s.StubMatcher Matched on stubbed METHOD [[GET]] WITH incoming [[GET]]
2022-11-18T11:39:01,973+00:00 DEBUG i.g.a.s.s.StubRepository Found a stubbed match after 5 milliseconds
2022-11-18T11:39:01,983+00:00 INFO i.g.a.s.u.ConsoleUtils [2022-11-18 11:39:01] <= 200 OK

2022-11-18T11:43:05,381+00:00 INFO i.g.a.s.f.MainIncludedYamlScanner Main YAML included YAMLs scan detected change in /home/stubby4j/data/include-data-service-stubs.yaml.
2022-11-18T11:43:05,391+00:00 INFO i.g.a.s.u.ConsoleUtils Loaded stub metadata: [GET] /api/v1/accounts/1
2022-11-18T11:43:05,392+00:00 INFO i.g.a.s.u.ConsoleUtils Loaded stub metadata: [GET] /api/v1/clientes/1
2022-11-18T11:43:05,394+00:00 INFO i.g.a.s.u.ConsoleUtils Loaded stub metadata: [GET] /api/v1/clientes
2022-11-18T11:43:05,397+00:00 INFO i.g.a.s.u.ConsoleUtils Loaded stub metadata: [POST] /api/v1/clientes
2022-11-18T11:43:05,404+00:00 INFO i.g.a.s.f.MainIncludedYamlScanner Successfully performed live refresh of main YAML with included YAMLs from: data/gateway-tests-stubs.yaml.
2022-11-18T11:43:10,287+00:00 INFO i.g.a.s.u.ConsoleUtils [2022-11-18 11:43:10] => HTTP GET on [/status]
2022-11-18T11:43:10,317+00:00 INFO i.g.a.s.u.ConsoleUtils [2022-11-18 11:43:10] <= 200 OK

2022-11-18T11:43:13,394+00:00 INFO i.g.a.s.u.ConsoleUtils [2022-11-18 11:43:13] => HTTP GET on [/ajax/stats/check]
2022-11-18T11:43:17,833+00:00 INFO i.g.a.s.u.ConsoleUtils [2022-11-18 11:43:17] => HTTP GET on [/ajax/resource/3/request/post]
2022-11-18T11:43:17,843+00:00 INFO i.g.a.s.u.ConsoleUtils [2022-11-18 11:43:17] <= 200 OK

2022-11-18T11:43:26,450+00:00 INFO i.g.a.s.u.ConsoleUtils [2022-11-18 11:43:26] => HTTP GET on [/ajax/resource/3/httplifecycle/requestAsYAML]
2022-11-18T11:43:26,456+00:00 INFO i.g.a.s.u.ConsoleUtils [2022-11-18 11:43:26] <= 200 OK

2022-11-18T11:43:32,890+00:00 INFO i.g.a.s.u.ConsoleUtils [2022-11-18 11:43:32] => HTTP GET on [/api/v1/clientes]
2022-11-18T11:43:32,892+00:00 DEBUG i.g.a.s.u.ConsoleUtils  ***** [DEBUG INCOMING RAW HTTP REQUEST DUMP] ***** 
2022-11-18T11:43:32,894+00:00 DEBUG i.g.a.s.u.ConsoleUtils    PROTOCOL: HTTP/1.1
   METHOD: GET
   CONTEXT PATH: 
   SERVLET PATH: 
   AUTH TYPE: null
   REMOTE USER: null
   REQUEST URI: /api/v1/clientes
   REQUEST URL: http://0.0.0.0:8884/api/v1/clientes
   QUERY STRING: null
   PATH INFO: /api/v1/clientes
   PATH TRANSLATED: null
   HEADERS: {
   'Accept': text/html,application/xhtml+xml,application/xml;q=0.9,image/avif,image/webp,image/apng,*/*;q=0.8,application/signed-exchange;v=b3;q=0.9,
   'Upgrade-Insecure-Requests': 1,
   'Connection': keep-alive,
   'User-Agent': Mozilla/5.0 (X11; Linux x86_64) AppleWebKit/537.36 (KHTML, like Gecko) Chrome/105.0.0.0 Safari/537.36,
   'Referer': http://0.0.0.0:8891/,
   'Host': 0.0.0.0:8884,
   'Accept-Encoding': gzip, deflate,
   'Accept-Language': pt-BR,pt;q=0.9,en-US;q=0.8,en;q=0.7,
}
2022-11-18T11:43:32,896+00:00 DEBUG i.g.a.s.u.ConsoleUtils  ***** [/DEBUG INCOMING RAW HTTP REQUEST DUMP] ***** 
2022-11-18T11:43:32,897+00:00 DEBUG i.g.a.s.u.ConsoleUtils  ***** [DEBUG INCOMING ASSERTING HTTP REQUEST DUMP] ***** 
2022-11-18T11:43:32,898+00:00 DEBUG i.g.a.s.u.ConsoleUtils StubRequest{url=/api/v1/clientes, method=[GET], query={}, headers={accept=text/html,application/xhtml+xml,application/xml;q=0.9,image/avif,image/webp,image/apng,*/*;q=0.8,application/signed-exchange;v=b3;q=0.9, upgrade-insecure-requests=1, connection=keep-alive, user-agent=Mozilla/5.0 (X11; Linux x86_64) AppleWebKit/537.36 (KHTML, like Gecko) Chrome/105.0.0.0 Safari/537.36, referer=http://0.0.0.0:8891/, host=0.0.0.0:8884, accept-encoding=gzip, deflate, accept-language=pt-BR,pt;q=0.9,en-US;q=0.8,en;q=0.7}}
2022-11-18T11:43:32,900+00:00 DEBUG i.g.a.s.u.ConsoleUtils  ***** [/DEBUG INCOMING ASSERTING HTTP REQUEST DUMP] ***** 
2022-11-18T11:43:32,902+00:00 ERROR i.g.a.s.s.StubMatcher Failed to match on stubbed URL [/api/v1/accounts/1] WITH incoming [/api/v1/clientes]
2022-11-18T11:43:32,904+00:00 ERROR i.g.a.s.s.StubMatcher Failed to match on stubbed URL [/api/v1/clientes/1] WITH incoming [/api/v1/clientes]
2022-11-18T11:43:32,905+00:00 INFO i.g.a.s.s.StubMatcher Matched on stubbed URL [/api/v1/clientes] WITH incoming [/api/v1/clientes]
2022-11-18T11:43:32,907+00:00 INFO i.g.a.s.s.StubMatcher Matched on stubbed METHOD [[GET]] WITH incoming [[GET]]
2022-11-18T11:43:32,910+00:00 DEBUG i.g.a.s.s.StubRepository Found a stubbed match after 9 milliseconds
2022-11-18T11:43:32,915+00:00 INFO i.g.a.s.u.ConsoleUtils [2022-11-18 11:43:32] <= 200 OK

2022-11-18T11:46:41,993+00:00 INFO i.g.a.s.f.MainIncludedYamlScanner Main YAML included YAMLs scan detected change in /home/stubby4j/data/include-data-service-stubs.yaml.
2022-11-18T11:46:41,999+00:00 INFO i.g.a.s.u.ConsoleUtils Loaded stub metadata: [GET] /api/v1/accounts/1
2022-11-18T11:46:42,000+00:00 INFO i.g.a.s.u.ConsoleUtils Loaded stub metadata: [GET] /api/v1/clientes/1
2022-11-18T11:46:42,003+00:00 INFO i.g.a.s.u.ConsoleUtils Loaded stub metadata: [GET] /api/v1/clientes
2022-11-18T11:46:42,005+00:00 INFO i.g.a.s.u.ConsoleUtils Loaded stub metadata: [POST] /api/v1/clientes
2022-11-18T11:46:42,006+00:00 INFO i.g.a.s.f.MainIncludedYamlScanner Successfully performed live refresh of main YAML with included YAMLs from: data/gateway-tests-stubs.yaml.
2022-11-18T11:46:47,033+00:00 INFO i.g.a.s.u.ConsoleUtils [2022-11-18 11:46:47] => HTTP GET on [/status]
2022-11-18T11:46:47,059+00:00 INFO i.g.a.s.u.ConsoleUtils [2022-11-18 11:46:47] <= 200 OK

2022-11-18T11:46:50,163+00:00 INFO i.g.a.s.u.ConsoleUtils [2022-11-18 11:46:50] => HTTP GET on [/ajax/stats/check]
2022-11-18T11:47:05,264+00:00 INFO i.g.a.s.u.ConsoleUtils [2022-11-18 11:47:05] => HTTP GET on [/api/v1/clientes]
2022-11-18T11:47:05,266+00:00 DEBUG i.g.a.s.u.ConsoleUtils  ***** [DEBUG INCOMING RAW HTTP REQUEST DUMP] ***** 
2022-11-18T11:47:05,267+00:00 DEBUG i.g.a.s.u.ConsoleUtils    PROTOCOL: HTTP/1.1
   METHOD: GET
   CONTEXT PATH: 
   SERVLET PATH: 
   AUTH TYPE: null
   REMOTE USER: null
   REQUEST URI: /api/v1/clientes
   REQUEST URL: http://0.0.0.0:8884/api/v1/clientes
   QUERY STRING: null
   PATH INFO: /api/v1/clientes
   PATH TRANSLATED: null
   HEADERS: {
   'Accept': text/html,application/xhtml+xml,application/xml;q=0.9,image/avif,image/webp,image/apng,*/*;q=0.8,application/signed-exchange;v=b3;q=0.9,
   'Upgrade-Insecure-Requests': 1,
   'Connection': keep-alive,
   'User-Agent': Mozilla/5.0 (X11; Linux x86_64) AppleWebKit/537.36 (KHTML, like Gecko) Chrome/105.0.0.0 Safari/537.36,
   'Referer': http://0.0.0.0:8891/,
   'Host': 0.0.0.0:8884,
   'Accept-Encoding': gzip, deflate,
   'Accept-Language': pt-BR,pt;q=0.9,en-US;q=0.8,en;q=0.7,
}
2022-11-18T11:47:05,268+00:00 DEBUG i.g.a.s.u.ConsoleUtils  ***** [/DEBUG INCOMING RAW HTTP REQUEST DUMP] ***** 
2022-11-18T11:47:05,269+00:00 DEBUG i.g.a.s.u.ConsoleUtils  ***** [DEBUG INCOMING ASSERTING HTTP REQUEST DUMP] ***** 
2022-11-18T11:47:05,269+00:00 DEBUG i.g.a.s.u.ConsoleUtils StubRequest{url=/api/v1/clientes, method=[GET], query={}, headers={accept=text/html,application/xhtml+xml,application/xml;q=0.9,image/avif,image/webp,image/apng,*/*;q=0.8,application/signed-exchange;v=b3;q=0.9, upgrade-insecure-requests=1, connection=keep-alive, user-agent=Mozilla/5.0 (X11; Linux x86_64) AppleWebKit/537.36 (KHTML, like Gecko) Chrome/105.0.0.0 Safari/537.36, referer=http://0.0.0.0:8891/, host=0.0.0.0:8884, accept-encoding=gzip, deflate, accept-language=pt-BR,pt;q=0.9,en-US;q=0.8,en;q=0.7}}
2022-11-18T11:47:05,270+00:00 DEBUG i.g.a.s.u.ConsoleUtils  ***** [/DEBUG INCOMING ASSERTING HTTP REQUEST DUMP] ***** 
2022-11-18T11:47:05,271+00:00 ERROR i.g.a.s.s.StubMatcher Failed to match on stubbed URL [/api/v1/accounts/1] WITH incoming [/api/v1/clientes]
2022-11-18T11:47:05,271+00:00 ERROR i.g.a.s.s.StubMatcher Failed to match on stubbed URL [/api/v1/clientes/1] WITH incoming [/api/v1/clientes]
2022-11-18T11:47:05,272+00:00 INFO i.g.a.s.s.StubMatcher Matched on stubbed URL [/api/v1/clientes] WITH incoming [/api/v1/clientes]
2022-11-18T11:47:05,273+00:00 INFO i.g.a.s.s.StubMatcher Matched on stubbed METHOD [[GET]] WITH incoming [[GET]]
2022-11-18T11:47:05,273+00:00 DEBUG i.g.a.s.s.StubRepository Found a stubbed match after 3 milliseconds
2022-11-18T11:47:05,282+00:00 INFO i.g.a.s.u.ConsoleUtils [2022-11-18 11:47:05] <= 200 OK

